<?xml version="1.0" encoding="UTF-8"?>
<testng-results skipped="0" failed="0" ignored="0" total="1" passed="1">
  <reporter-output>
  </reporter-output>
  <suite name="Default suite" duration-ms="41128" started-at="2019-01-31T13:42:20Z" finished-at="2019-01-31T13:43:02Z">
    <groups>
    </groups>
    <test name="Default test" duration-ms="41128" started-at="2019-01-31T13:42:20Z" finished-at="2019-01-31T13:43:02Z">
      <class name="testScript.Test1">
        <test-method status="PASS" signature="openBrowser()[pri:0, instance:testScript.Test1@5b275dab]" name="openBrowser" is-config="true" duration-ms="17656" started-at="2019-01-31T13:42:20Z" finished-at="2019-01-31T13:42:38Z">
          <reporter-output>
          </reporter-output>
        </test-method> <!-- openBrowser -->
        <test-method status="PASS" signature="test1()[pri:0, instance:testScript.Test1@5b275dab]" name="test1" duration-ms="22586" started-at="2019-01-31T13:42:38Z" finished-at="2019-01-31T13:43:01Z">
          <reporter-output>
          </reporter-output>
        </test-method> <!-- test1 -->
        <test-method status="PASS" signature="closeBrowser()[pri:0, instance:testScript.Test1@5b275dab]" name="closeBrowser" is-config="true" duration-ms="818" started-at="2019-01-31T13:43:01Z" finished-at="2019-01-31T13:43:02Z">
          <reporter-output>
          </reporter-output>
        </test-method> <!-- closeBrowser -->
      </class> <!-- testScript.Test1 -->
    </test> <!-- Default test -->
  </suite> <!-- Default suite -->
</testng-results>
