<?xml version="1.0" encoding="UTF-8"?>
<!-- Generated by org.testng.reporters.JUnitXMLReporter -->
<testsuite hostname="LAPTOP-1GFO455T" ignored="0" name="Test" tests="1" failures="0" timestamp="31 Jan 2019 13:39:57 GMT" time="0.272" errors="0">
  <testcase name="@BeforeMethod openBrowser" time="0.156" classname="library.BaseTest">
    <failure type="java.lang.IllegalStateException" message="The driver executable does not exist: C:\path\to\binary\IEDriverServer.exe">
      <![CDATA[java.lang.IllegalStateException: The driver executable does not exist: C:\path\to\binary\IEDriverServer.exe
at com.google.common.base.Preconditions.checkState(Preconditions.java:585)
at org.openqa.selenium.remote.service.DriverService.checkExecutable(DriverService.java:146)
at org.openqa.selenium.remote.service.DriverService.findExecutable(DriverService.java:141)
at org.openqa.selenium.chrome.ChromeDriverService.access$000(ChromeDriverService.java:35)
at org.openqa.selenium.chrome.ChromeDriverService$Builder.findDefaultExecutable(ChromeDriverService.java:159)
at org.openqa.selenium.remote.service.DriverService$Builder.build(DriverService.java:355)
at org.openqa.selenium.chrome.ChromeDriverService.createDefaultService(ChromeDriverService.java:94)
at org.openqa.selenium.chrome.ChromeDriver.<init>(ChromeDriver.java:123)
at library.BaseTest.openBrowser(BaseTest.java:20)
... Removed 28 stack frames]]>
    </failure>
  </testcase> <!-- @BeforeMethod openBrowser -->
  <testcase name="@AfterMethod closeBrowser" time="0.0" classname="library.BaseTest">
    <skipped/>
  </testcase> <!-- @AfterMethod closeBrowser -->
  <testcase name="test1" time="0.0" classname="testScript.Test1">
    <skipped/>
  </testcase> <!-- test1 -->
</testsuite> <!-- Test -->
