<?xml version="1.0" encoding="UTF-8"?>
<testng-results skipped="0" failed="0" total="1" passed="1">
  <reporter-output>
  </reporter-output>
  <suite name="Suite" duration-ms="41486" started-at="2019-01-31T13:43:54Z" finished-at="2019-01-31T13:44:36Z">
    <groups>
    </groups>
    <test name="Test" duration-ms="41486" started-at="2019-01-31T13:43:54Z" finished-at="2019-01-31T13:44:36Z">
      <class name="testScript.Test1">
        <test-method status="PASS" signature="openBrowser()[pri:0, instance:testScript.Test1@39ba5a14]" name="openBrowser" is-config="true" duration-ms="12199" started-at="2019-01-31T19:13:54Z" finished-at="2019-01-31T19:14:07Z">
          <reporter-output>
          </reporter-output>
        </test-method> <!-- openBrowser -->
        <test-method status="PASS" signature="test1()[pri:0, instance:testScript.Test1@39ba5a14]" name="test1" duration-ms="28356" started-at="2019-01-31T19:14:07Z" finished-at="2019-01-31T19:14:35Z">
          <reporter-output>
          </reporter-output>
        </test-method> <!-- test1 -->
        <test-method status="PASS" signature="closeBrowser()[pri:0, instance:testScript.Test1@39ba5a14]" name="closeBrowser" is-config="true" duration-ms="899" started-at="2019-01-31T19:14:35Z" finished-at="2019-01-31T19:14:36Z">
          <reporter-output>
          </reporter-output>
        </test-method> <!-- closeBrowser -->
      </class> <!-- testScript.Test1 -->
    </test> <!-- Test -->
  </suite> <!-- Suite -->
</testng-results>
